# JRE version: Java(TM) SE Runtime Environment (21.0.2+13) (build 21.0.2+13-LTS-58)
# Java VM: Java HotSpot(TM) 64-Bit Server VM (21.0.2+13-LTS-58, mixed mode, sharing, tiered, compressed oops, compressed class ptrs, g1 gc, windows-amd64)
GC Precious Log:
 CardTable entry size: 512
 Card Set container configuration: InlinePtr #cards 5 size 8 Array Of Cards #cards 12 size 40 Howl #buckets 4 coarsen threshold 1843 Howl Bitmap #cards 512 size 80 coarsen threshold 460 Card regions per heap region 1 cards per card region 2048
 CPUs: 8 total, 8 available
 Memory: 7937M
 Large Page Support: Disabled
 NUMA Support: Disabled
 Compressed Oops: Enabled (32-bit)
 Heap Region Size: 1M
 Heap Min Capacity: 8M
 Heap Initial Capacity: 126M
 Heap Max Capacity: 1986M
 Pre-touch: Disabled
 Parallel Workers: 8
 Concurrent Workers: 2
 Concurrent Refinement Workers: 8
 Periodic GC: Disabled
Heap:
 garbage-first heap   total 66560K, used 40523K [0x0000000083e00000, 0x0000000100000000)
  region size 1024K, 10 young (10240K), 3 survivors (3072K)
 Metaspace       used 75439K, committed 76160K, reserved 1179648K
  class space    used 10160K, committed 10496K, reserved 1048576K
GC Heap History (20 events):
Event: 5.777 GC heap before
{Heap before GC invocations=5 (full 0):
 garbage-first heap   total 55296K, used 42081K [0x0000000083e00000, 0x0000000100000000)
  region size 1024K, 28 young (28672K), 3 survivors (3072K)
 Metaspace       used 31322K, committed 31872K, reserved 1114112K
  class space    used 3937K, committed 4160K, reserved 1048576K
}
Event: 5.787 GC heap after
{Heap after GC invocations=6 (full 0):
 garbage-first heap   total 55296K, used 18766K [0x0000000083e00000, 0x0000000100000000)
  region size 1024K, 3 young (3072K), 3 survivors (3072K)
 Metaspace       used 31322K, committed 31872K, reserved 1114112K
  class space    used 3937K, committed 4160K, reserved 1048576K
}
Event: 6.379 GC heap before
{Heap before GC invocations=6 (full 0):
 garbage-first heap   total 55296K, used 33102K [0x0000000083e00000, 0x0000000100000000)
  region size 1024K, 18 young (18432K), 3 survivors (3072K)
 Metaspace       used 35464K, committed 35968K, reserved 1114112K
  class space    used 4622K, committed 4864K, reserved 1048576K
}
Event: 6.384 GC heap after
{Heap after GC invocations=7 (full 0):
 garbage-first heap   total 55296K, used 19456K [0x0000000083e00000, 0x0000000100000000)
  region size 1024K, 3 young (3072K), 3 survivors (3072K)
 Metaspace       used 35464K, committed 35968K, reserved 1114112K
  class space    used 4622K, committed 4864K, reserved 1048576K
}
Event: 7.487 GC heap before
{Heap before GC invocations=8 (full 0):
 garbage-first heap   total 55296K, used 45056K [0x0000000083e00000, 0x0000000100000000)
  region size 1024K, 29 young (29696K), 3 survivors (3072K)
 Metaspace       used 46418K, committed 47040K, reserved 1114112K
  class space    used 5996K, committed 6272K, reserved 1048576K
}
Event: 7.497 GC heap after
{Heap after GC invocations=9 (full 0):
 garbage-first heap   total 55296K, used 22270K [0x0000000083e00000, 0x0000000100000000)
  region size 1024K, 4 young (4096K), 4 survivors (4096K)
 Metaspace       used 46418K, committed 47040K, reserved 1114112K
  class space    used 5996K, committed 6272K, reserved 1048576K
}
Event: 8.108 GC heap before
{Heap before GC invocations=9 (full 0):
 garbage-first heap   total 55296K, used 44798K [0x0000000083e00000, 0x0000000100000000)
  region size 1024K, 27 young (27648K), 4 survivors (4096K)
 Metaspace       used 53469K, committed 54080K, reserved 1114112K
  class space    used 6937K, committed 7232K, reserved 1048576K
}
Event: 8.117 GC heap after
{Heap after GC invocations=10 (full 0):
 garbage-first heap   total 55296K, used 23491K [0x0000000083e00000, 0x0000000100000000)
  region size 1024K, 2 young (2048K), 2 survivors (2048K)
 Metaspace       used 53469K, committed 54080K, reserved 1114112K
  class space    used 6937K, committed 7232K, reserved 1048576K
}
Event: 8.623 GC heap before
{Heap before GC invocations=10 (full 0):
 garbage-first heap   total 55296K, used 46019K [0x0000000083e00000, 0x0000000100000000)
  region size 1024K, 24 young (24576K), 2 survivors (2048K)
 Metaspace       used 58783K, committed 59456K, reserved 1114112K
  class space    used 7813K, committed 8128K, reserved 1048576K
}
Event: 8.628 GC heap after
{Heap after GC invocations=11 (full 0):
 garbage-first heap   total 55296K, used 24247K [0x0000000083e00000, 0x0000000100000000)
  region size 1024K, 3 young (3072K), 3 survivors (3072K)
 Metaspace       used 58783K, committed 59456K, reserved 1114112K
  class space    used 7813K, committed 8128K, reserved 1048576K
}
Event: 8.684 GC heap before
{Heap before GC invocations=11 (full 0):
 garbage-first heap   total 55296K, used 26295K [0x0000000083e00000, 0x0000000100000000)
  region size 1024K, 6 young (6144K), 3 survivors (3072K)
 Metaspace       used 59452K, committed 60096K, reserved 1114112K
  class space    used 7930K, committed 8192K, reserved 1048576K
}
Event: 8.689 GC heap after
{Heap after GC invocations=12 (full 0):
 garbage-first heap   total 55296K, used 24700K [0x0000000083e00000, 0x0000000100000000)
  region size 1024K, 2 young (2048K), 2 survivors (2048K)
 Metaspace       used 59452K, committed 60096K, reserved 1114112K
  class space    used 7930K, committed 8192K, reserved 1048576K
}
Event: 9.452 GC heap before
{Heap before GC invocations=13 (full 0):
 garbage-first heap   total 55296K, used 48252K [0x0000000083e00000, 0x0000000100000000)
  region size 1024K, 25 young (25600K), 2 survivors (2048K)
 Metaspace       used 63874K, committed 64512K, reserved 1114112K
  class space    used 8525K, committed 8832K, reserved 1048576K
}
Event: 9.455 GC heap after
{Heap after GC invocations=14 (full 0):
 garbage-first heap   total 66560K, used 26897K [0x0000000083e00000, 0x0000000100000000)
  region size 1024K, 4 young (4096K), 4 survivors (4096K)
 Metaspace       used 63874K, committed 64512K, reserved 1114112K
  class space    used 8525K, committed 8832K, reserved 1048576K
}
Event: 10.120 GC heap before
{Heap before GC invocations=14 (full 0):
 garbage-first heap   total 66560K, used 56593K [0x0000000083e00000, 0x0000000100000000)
  region size 1024K, 34 young (34816K), 4 survivors (4096K)
 Metaspace       used 69025K, committed 69696K, reserved 1114112K
  class space    used 9257K, committed 9536K, reserved 1048576K
}
Event: 10.124 GC heap after
{Heap after GC invocations=15 (full 0):
 garbage-first heap   total 66560K, used 29313K [0x0000000083e00000, 0x0000000100000000)
  region size 1024K, 5 young (5120K), 5 survivors (5120K)
 Metaspace       used 69025K, committed 69696K, reserved 1114112K
  class space    used 9257K, committed 9536K, reserved 1048576K
}
Event: 11.649 GC heap before
{Heap before GC invocations=15 (full 0):
 garbage-first heap   total 66560K, used 55937K [0x0000000083e00000, 0x0000000100000000)
  region size 1024K, 32 young (32768K), 5 survivors (5120K)
 Metaspace       used 74206K, committed 74944K, reserved 1114112K
  class space    used 9972K, committed 10304K, reserved 1048576K
}
Event: 11.654 GC heap after
{Heap after GC invocations=16 (full 0):
 garbage-first heap   total 66560K, used 32077K [0x0000000083e00000, 0x0000000100000000)
  region size 1024K, 3 young (3072K), 3 survivors (3072K)
 Metaspace       used 74206K, committed 74944K, reserved 1114112K
  class space    used 9972K, committed 10304K, reserved 1048576K
}
Event: 11.937 GC heap before
{Heap before GC invocations=16 (full 0):
 garbage-first heap   total 66560K, used 35149K [0x0000000083e00000, 0x0000000100000000)
  region size 1024K, 8 young (8192K), 3 survivors (3072K)
 Metaspace       used 74876K, committed 75648K, reserved 1179648K
  class space    used 10068K, committed 10432K, reserved 1048576K
}
Event: 11.941 GC heap after
{Heap after GC invocations=17 (full 0):
 garbage-first heap   total 66560K, used 34379K [0x0000000083e00000, 0x0000000100000000)
  region size 1024K, 3 young (3072K), 3 survivors (3072K)
 Metaspace       used 74876K, committed 75648K, reserved 1179648K
  class space    used 10068K, committed 10432K, reserved 1048576K
}

